0 info it worked if it ends with ok
1 verbose cli [ 'E:\\Program Files\\nodejs\\node.exe',
1 verbose cli   'E:\\Program Files\\nodejs\\node_modules\\npm\\bin\\npm-cli.js',
1 verbose cli   'start' ]
2 info using npm@3.10.10
3 info using node@v6.10.3
4 verbose run-script [ 'prestart', 'start', 'poststart' ]
5 info lifecycle my-browserify-simple-demo@1.0.0~prestart: my-browserify-simple-demo@1.0.0
6 silly lifecycle my-browserify-simple-demo@1.0.0~prestart: no script for prestart, continuing
7 info lifecycle my-browserify-simple-demo@1.0.0~start: my-browserify-simple-demo@1.0.0
8 verbose lifecycle my-browserify-simple-demo@1.0.0~start: unsafe-perm in lifecycle true
9 verbose lifecycle my-browserify-simple-demo@1.0.0~start: PATH: E:\Program Files\nodejs\node_modules\npm\bin\node-gyp-bin;F:\workspace\Flow\Flow.html\node_modules\.bin;C:\Windows\system32;C:\Windows;C:\Windows\System32\Wbem;C:\Windows\System32\WindowsPowerShell\v1.0\;E:\Program Files\nodejs\;C:\Users\ligee\AppData\Local\Microsoft\WindowsApps;C:\Users\ligee\AppData\Roaming\npm
10 verbose lifecycle my-browserify-simple-demo@1.0.0~start: CWD: F:\workspace\Flow\Flow.html
11 silly lifecycle my-browserify-simple-demo@1.0.0~start: Args: [ '/d /s /c', 'electron .' ]
12 verbose stack Error: kill ENOSYS
12 verbose stack     at exports._errnoException (util.js:1018:11)
12 verbose stack     at process.kill (internal/process.js:190:13)
12 verbose stack     at process.listener (E:\Program Files\nodejs\node_modules\npm\node_modules\npmlog\node_modules\gauge\node_modules\signal-exit\index.js:86:15)
12 verbose stack     at emitNone (events.js:91:20)
12 verbose stack     at process.emit (events.js:185:7)
12 verbose stack     at processEmit (E:\Program Files\nodejs\node_modules\npm\node_modules\npmlog\node_modules\gauge\node_modules\signal-exit\index.js:146:32)
12 verbose stack     at processEmit (E:\Program Files\nodejs\node_modules\npm\node_modules\npm-registry-client\node_modules\npmlog\node_modules\gauge\node_modules\signal-exit\index.js:146:32)
12 verbose stack     at Signal.wrap.onsignal (internal/process.js:217:44)
13 verbose cwd F:\workspace\Flow\Flow.html
14 error Windows_NT 10.0.15063
15 error argv "E:\\Program Files\\nodejs\\node.exe" "E:\\Program Files\\nodejs\\node_modules\\npm\\bin\\npm-cli.js" "start"
16 error node v6.10.3
17 error npm  v3.10.10
18 error code ENOSYS
19 error errno ENOSYS
20 error syscall kill
21 error kill ENOSYS
22 error If you need help, you may report this error at:
22 error     <https://github.com/npm/npm/issues>
23 verbose exit [ 1, true ]
